\BOOKMARK [0][-]{chapter.1}{\376\377\000A\000D\000S\000-\000B\000\040\174\373\176\337\173\200\116\313}{}% 1
\BOOKMARK [1][-]{section.1.1}{\376\377\000A\000D\000S\000-\000B\000\040\174\373\176\337\166\204\142\200\147\057\123\237\164\006}{chapter.1}% 2
\BOOKMARK [2][-]{subsection.1.1.1}{\376\377\151\202\217\360}{section.1.1}% 3
\BOOKMARK [2][-]{subsection.1.1.2}{\376\377\145\160\143\156\224\376\174\173\127\213}{section.1.1}% 4
\BOOKMARK [1][-]{section.1.2}{\376\377\000A\000D\000S\000-\000B\000\040\174\373\176\337\166\204\136\224\165\050\141\017\116\111}{chapter.1}% 5
\BOOKMARK [1][-]{section.1.3}{\376\377\000A\000D\000S\000-\000B\000\040\174\373\176\337\166\204\123\321\134\125\163\260\162\266}{chapter.1}% 6
\BOOKMARK [2][-]{subsection.1.3.1}{\376\377\126\375\131\026\136\224\165\050\163\260\162\266}{section.1.3}% 7
\BOOKMARK [2][-]{subsection.1.3.2}{\376\377\126\375\121\205\136\224\165\050\163\260\162\266}{section.1.3}% 8
\BOOKMARK [2][-]{subsection.1.3.3}{\376\377\142\200\147\057\123\321\134\125\163\260\162\266}{section.1.3}% 9
\BOOKMARK [1][-]{section.1.4}{\376\377\226\106\127\372\000\040\000A\000D\000S\000-\000B\000\040\211\206\166\326\140\305\121\265}{chapter.1}% 10
\BOOKMARK [2][-]{subsection.1.4.1}{\376\377\157\263\131\047\122\051\116\232}{section.1.4}% 11
\BOOKMARK [2][-]{subsection.1.4.2}{\376\377\123\027\177\216\127\060\123\072}{section.1.4}% 12
\BOOKMARK [2][-]{subsection.1.4.3}{\376\377\153\047\155\062}{section.1.4}% 13
\BOOKMARK [2][-]{subsection.1.4.4}{\376\377\121\150\164\003}{section.1.4}% 14
\BOOKMARK [0][-]{chapter.2}{\376\377\146\037\127\372\000\040\000A\000D\000S\000-\000B\000\040\123\237\164\006\151\202\217\360}{}% 15
\BOOKMARK [0][-]{chapter.3}{\376\377\163\260\226\066\153\265\123\321\134\125\123\312\136\224\165\050\140\305\121\265}{}% 16
\BOOKMARK [1][-]{section.3.1}{\376\377\040\034\224\361\146\037\116\214\116\343\040\035\174\373\176\337}{chapter.3}% 17
\BOOKMARK [1][-]{section.3.2}{\376\377\040\034\121\150\164\003\146\037\116\214\116\343\040\035\174\373\176\337}{chapter.3}% 18
\BOOKMARK [0][-]{chapter.4}{\376\377\174\373\176\337\227\142\116\064\166\204\143\021\142\030}{}% 19
\BOOKMARK [0][-]{chapter.5}{\376\377\174\373\176\337\147\052\147\145\123\321\134\125\134\125\147\033}{}% 20
